2025-09-25T11:40:02.440366Z  INFO tailwindcss_oxide::scanner: Provided sources:
2025-09-25T11:40:02.440434Z  INFO tailwindcss_oxide::scanner: Source: PublicSourceEntry { base: "/Users/ha.nguyen/workspace/projects/factory/axie", pattern: "**/*", negated: false }
2025-09-25T11:40:02.440490Z  INFO tailwindcss_oxide::scanner: Optimized sources:
2025-09-25T11:40:02.440495Z  INFO tailwindcss_oxide::scanner: Source: Auto { base: "/Users/ha.nguyen/workspace/projects/factory/axie" }
2025-09-25T11:40:02.441343Z  INFO scan_sources: tailwindcss_oxide::scanner: enter
2025-09-25T11:40:02.442435Z  INFO scan_sources: tailwindcss_oxide::scanner: Discovering "/Users/ha.nguyen/workspace/projects/factory/axie/generated-codes.txt"
2025-09-25T11:40:02.442548Z  INFO scan_sources: tailwindcss_oxide::scanner: Discovering "/Users/ha.nguyen/workspace/projects/factory/axie/app"
2025-09-25T11:40:02.442595Z  INFO scan_sources: tailwindcss_oxide::scanner: Discovering "/Users/ha.nguyen/workspace/projects/factory/axie/app/layout.tsx"
2025-09-25T11:40:02.442704Z  INFO scan_sources: tailwindcss_oxide::scanner: Discovering "/Users/ha.nguyen/workspace/projects/factory/axie/app/api"
2025-09-25T11:40:02.442751Z  INFO scan_sources: tailwindcss_oxide::scanner: Discovering "/Users/ha.nguyen/workspace/projects/factory/axie/app/api/generated-codes.txt"
2025-09-25T11:40:02.442767Z  INFO scan_sources: tailwindcss_oxide::scanner: Discovering "/Users/ha.nguyen/workspace/projects/factory/axie/app/api/code-assigned.json"
2025-09-25T11:40:02.442780Z  INFO scan_sources: tailwindcss_oxide::scanner: Discovering "/Users/ha.nguyen/workspace/projects/factory/axie/app/api/route.ts"
2025-09-25T11:40:02.442805Z  INFO scan_sources: tailwindcss_oxide::scanner: Discovering "/Users/ha.nguyen/workspace/projects/factory/axie/app/page.tsx"
2025-09-25T11:40:02.442831Z  INFO scan_sources: tailwindcss_oxide::scanner: Discovering "/Users/ha.nguyen/workspace/projects/factory/axie/netlify.toml"
2025-09-25T11:40:02.442922Z  INFO scan_sources: tailwindcss_oxide::scanner: Discovering "/Users/ha.nguyen/workspace/projects/factory/axie/config"
2025-09-25T11:40:02.442947Z  INFO scan_sources: tailwindcss_oxide::scanner: Discovering "/Users/ha.nguyen/workspace/projects/factory/axie/config/game.ts"
2025-09-25T11:40:02.442976Z  INFO scan_sources: tailwindcss_oxide::scanner: Discovering "/Users/ha.nguyen/workspace/projects/factory/axie/postcss.config.mjs"
2025-09-25T11:40:02.443161Z  INFO scan_sources: tailwindcss_oxide::scanner: Discovering "/Users/ha.nguyen/workspace/projects/factory/axie/stores"
2025-09-25T11:40:02.443186Z  INFO scan_sources: tailwindcss_oxide::scanner: Discovering "/Users/ha.nguyen/workspace/projects/factory/axie/stores/floor.tsx"
2025-09-25T11:40:02.443441Z  INFO scan_sources: tailwindcss_oxide::scanner: Discovering "/Users/ha.nguyen/workspace/projects/factory/axie/script"
2025-09-25T11:40:02.443464Z  INFO scan_sources: tailwindcss_oxide::scanner: Discovering "/Users/ha.nguyen/workspace/projects/factory/axie/script/generate-code.ts"
2025-09-25T11:40:02.443475Z  INFO scan_sources: tailwindcss_oxide::scanner: Discovering "/Users/ha.nguyen/workspace/projects/factory/axie/script/compress-assets.ts"
2025-09-25T11:40:02.443495Z  INFO scan_sources: tailwindcss_oxide::scanner: Discovering "/Users/ha.nguyen/workspace/projects/factory/axie/README.md"
2025-09-25T11:40:02.443571Z  INFO scan_sources: tailwindcss_oxide::scanner: Discovering "/Users/ha.nguyen/workspace/projects/factory/axie/styles"
2025-09-25T11:40:02.443590Z  INFO scan_sources: tailwindcss_oxide::scanner: Discovering "/Users/ha.nguyen/workspace/projects/factory/axie/styles/globals.css"
2025-09-25T11:40:02.443684Z  INFO scan_sources: tailwindcss_oxide::scanner: Discovering "/Users/ha.nguyen/workspace/projects/factory/axie/components"
2025-09-25T11:40:02.443731Z  INFO scan_sources: tailwindcss_oxide::scanner: Discovering "/Users/ha.nguyen/workspace/projects/factory/axie/components/agent.tsx"
2025-09-25T11:40:02.443747Z  INFO scan_sources: tailwindcss_oxide::scanner: Discovering "/Users/ha.nguyen/workspace/projects/factory/axie/components/boss-v2.tsx"
2025-09-25T11:40:02.443768Z  INFO scan_sources: tailwindcss_oxide::scanner: Discovering "/Users/ha.nguyen/workspace/projects/factory/axie/components/tripp.tsx"
2025-09-25T11:40:02.443779Z  INFO scan_sources: tailwindcss_oxide::scanner: Discovering "/Users/ha.nguyen/workspace/projects/factory/axie/components/attack-effects.tsx"
2025-09-25T11:40:02.443789Z  INFO scan_sources: tailwindcss_oxide::scanner: Discovering "/Users/ha.nguyen/workspace/projects/factory/axie/components/floor.tsx"
2025-09-25T11:40:02.443799Z  INFO scan_sources: tailwindcss_oxide::scanner: Discovering "/Users/ha.nguyen/workspace/projects/factory/axie/components/footsteps.tsx"
2025-09-25T11:40:02.443808Z  INFO scan_sources: tailwindcss_oxide::scanner: Discovering "/Users/ha.nguyen/workspace/projects/factory/axie/components/seven-eleven.tsx"
2025-09-25T11:40:02.443820Z  INFO scan_sources: tailwindcss_oxide::scanner: Discovering "/Users/ha.nguyen/workspace/projects/factory/axie/components/vending-machine.tsx"
2025-09-25T11:40:02.443910Z  INFO scan_sources: tailwindcss_oxide::scanner: Discovering "/Users/ha.nguyen/workspace/projects/factory/axie/components/hud"
2025-09-25T11:40:02.443933Z  INFO scan_sources: tailwindcss_oxide::scanner: Discovering "/Users/ha.nguyen/workspace/projects/factory/axie/components/hud/inventory-modal.tsx"
2025-09-25T11:40:02.443944Z  INFO scan_sources: tailwindcss_oxide::scanner: Discovering "/Users/ha.nguyen/workspace/projects/factory/axie/components/hud/button-connect.tsx"
2025-09-25T11:40:02.443953Z  INFO scan_sources: tailwindcss_oxide::scanner: Discovering "/Users/ha.nguyen/workspace/projects/factory/axie/components/hud/hud.tsx"
2025-09-25T11:40:02.443963Z  INFO scan_sources: tailwindcss_oxide::scanner: Discovering "/Users/ha.nguyen/workspace/projects/factory/axie/components/hud/power-up-modal.tsx"
2025-09-25T11:40:02.443977Z  INFO scan_sources: tailwindcss_oxide::scanner: Discovering "/Users/ha.nguyen/workspace/projects/factory/axie/components/providers.tsx"
2025-09-25T11:40:02.444071Z  INFO scan_sources: tailwindcss_oxide::scanner: Discovering "/Users/ha.nguyen/workspace/projects/factory/axie/public"
2025-09-25T11:40:02.444156Z  INFO scan_sources: tailwindcss_oxide::scanner: Discovering "/Users/ha.nguyen/workspace/projects/factory/axie/public/textures"
2025-09-25T11:40:02.444268Z  INFO scan_sources: tailwindcss_oxide::scanner: Discovering "/Users/ha.nguyen/workspace/projects/factory/axie/public/models"
2025-09-25T11:40:02.444310Z  INFO scan_sources: tailwindcss_oxide::scanner: Discovering "/Users/ha.nguyen/workspace/projects/factory/axie/public/models/tripp-v2-transformed.glb"
2025-09-25T11:40:02.444326Z  INFO scan_sources: tailwindcss_oxide::scanner: Discovering "/Users/ha.nguyen/workspace/projects/factory/axie/public/models/boss-v2-transformed.glb"
2025-09-25T11:40:02.444337Z  INFO scan_sources: tailwindcss_oxide::scanner: Discovering "/Users/ha.nguyen/workspace/projects/factory/axie/public/models/vending-machine-transformed.glb"
2025-09-25T11:40:02.444351Z  INFO scan_sources: tailwindcss_oxide::scanner: Discovering "/Users/ha.nguyen/workspace/projects/factory/axie/public/models/seven-eleven-transformed.glb"
2025-09-25T11:40:02.444360Z  INFO scan_sources: tailwindcss_oxide::scanner: Discovering "/Users/ha.nguyen/workspace/projects/factory/axie/public/models/boss-transformed.glb"
2025-09-25T11:40:02.444456Z  INFO scan_sources: tailwindcss_oxide::scanner: Discovering "/Users/ha.nguyen/workspace/projects/factory/axie/public/elements"
2025-09-25T11:40:02.444574Z  INFO scan_sources: tailwindcss_oxide::scanner: Discovering "/Users/ha.nguyen/workspace/projects/factory/axie/public/elements/webp"
2025-09-25T11:40:02.444714Z  INFO scan_sources: tailwindcss_oxide::scanner: Discovering "/Users/ha.nguyen/workspace/projects/factory/axie/public/assets"
2025-09-25T11:40:02.444739Z  INFO scan_sources: tailwindcss_oxide::scanner: Discovering "/Users/ha.nguyen/workspace/projects/factory/axie/public/assets/raptor.atlas"
2025-09-25T11:40:02.444750Z  INFO scan_sources: tailwindcss_oxide::scanner: Discovering "/Users/ha.nguyen/workspace/projects/factory/axie/public/assets/raptor-pro.json"
2025-09-25T11:40:02.444767Z  INFO scan_sources: tailwindcss_oxide::scanner: Discovering "/Users/ha.nguyen/workspace/projects/factory/axie/public/assets/react.svg"
2025-09-25T11:40:02.444855Z  INFO scan_sources: tailwindcss_oxide::scanner: Discovering "/Users/ha.nguyen/workspace/projects/factory/axie/public/assets/material"
2025-09-25T11:40:02.444968Z  INFO scan_sources: tailwindcss_oxide::scanner: Discovering "/Users/ha.nguyen/workspace/projects/factory/axie/public/assets/material/atlas-single"
2025-09-25T11:40:02.445001Z  INFO scan_sources: tailwindcss_oxide::scanner: Discovering "/Users/ha.nguyen/workspace/projects/factory/axie/public/assets/material/atlas-single/axie-2d-v3-stuff.json"
2025-09-25T11:40:02.445011Z  INFO scan_sources: tailwindcss_oxide::scanner: Discovering "/Users/ha.nguyen/workspace/projects/factory/axie/public/assets/material/atlas-single/axie-2d-v3-stuff.atlas"
2025-09-25T11:40:02.445108Z  INFO scan_sources: tailwindcss_oxide::scanner: Discovering "/Users/ha.nguyen/workspace/projects/factory/axie/public/emotes"
2025-09-25T11:40:02.445156Z  INFO scan_sources: tailwindcss_oxide::scanner: Discovering "/Users/ha.nguyen/workspace/projects/factory/axie/package.json"
2025-09-25T11:40:02.445359Z  INFO scan_sources: tailwindcss_oxide::scanner: Discovering "/Users/ha.nguyen/workspace/projects/factory/axie/lib"
2025-09-25T11:40:02.445382Z  INFO scan_sources: tailwindcss_oxide::scanner: Discovering "/Users/ha.nguyen/workspace/projects/factory/axie/lib/player-utils.ts"
2025-09-25T11:40:02.445392Z  INFO scan_sources: tailwindcss_oxide::scanner: Discovering "/Users/ha.nguyen/workspace/projects/factory/axie/lib/utils.ts"
2025-09-25T11:40:02.445410Z  INFO scan_sources: tailwindcss_oxide::scanner: Discovering "/Users/ha.nguyen/workspace/projects/factory/axie/tsconfig.json"
2025-09-25T11:40:02.445569Z  INFO scan_sources: tailwindcss_oxide::scanner: Discovering "/Users/ha.nguyen/workspace/projects/factory/axie/fonts"
2025-09-25T11:40:02.445601Z  INFO scan_sources: tailwindcss_oxide::scanner: Discovering "/Users/ha.nguyen/workspace/projects/factory/axie/eslint.config.mjs"
2025-09-25T11:40:02.445610Z  INFO scan_sources: tailwindcss_oxide::scanner: Discovering "/Users/ha.nguyen/workspace/projects/factory/axie/next.config.ts"
2025-09-25T11:40:02.445645Z  INFO scan_sources: tailwindcss_oxide::scanner: exit
2025-09-25T11:40:02.445650Z  INFO extract_candidates: tailwindcss_oxide::scanner: enter
2025-09-25T11:40:02.445657Z  INFO extract_candidates:read_all_files: tailwindcss_oxide::scanner: enter
2025-09-25T11:40:02.445660Z  INFO extract_candidates:read_all_files: tailwindcss_oxide::scanner: Reading 42 file(s)
2025-09-25T11:40:02.445936Z  INFO tailwindcss_oxide::scanner: Reading "/Users/ha.nguyen/workspace/projects/factory/axie/components/tripp.tsx"
2025-09-25T11:40:02.445966Z  INFO tailwindcss_oxide::scanner: Reading "/Users/ha.nguyen/workspace/projects/factory/axie/app/page.tsx"
2025-09-25T11:40:02.446076Z  INFO tailwindcss_oxide::scanner: Reading "/Users/ha.nguyen/workspace/projects/factory/axie/components/hud/inventory-modal.tsx"
2025-09-25T11:40:02.446111Z  INFO tailwindcss_oxide::scanner: Reading "/Users/ha.nguyen/workspace/projects/factory/axie/config/game.ts"
2025-09-25T11:40:02.446369Z  INFO tailwindcss_oxide::scanner: Reading "/Users/ha.nguyen/workspace/projects/factory/axie/generated-codes.txt"
2025-09-25T11:40:02.446503Z  INFO tailwindcss_oxide::scanner: Reading "/Users/ha.nguyen/workspace/projects/factory/axie/script/generate-code.ts"
2025-09-25T11:40:02.446507Z  INFO tailwindcss_oxide::scanner: Reading "/Users/ha.nguyen/workspace/projects/factory/axie/app/layout.tsx"
2025-09-25T11:40:02.446534Z  INFO tailwindcss_oxide::scanner: Reading "/Users/ha.nguyen/workspace/projects/factory/axie/components/attack-effects.tsx"
2025-09-25T11:40:02.446542Z  INFO tailwindcss_oxide::scanner: Reading "/Users/ha.nguyen/workspace/projects/factory/axie/netlify.toml"
2025-09-25T11:40:02.446631Z  INFO tailwindcss_oxide::scanner: Reading "/Users/ha.nguyen/workspace/projects/factory/axie/postcss.config.mjs"
2025-09-25T11:40:02.446734Z  INFO tailwindcss_oxide::scanner: Reading "/Users/ha.nguyen/workspace/projects/factory/axie/components/floor.tsx"
2025-09-25T11:40:02.446749Z  INFO tailwindcss_oxide::scanner: Reading "/Users/ha.nguyen/workspace/projects/factory/axie/package.json"
2025-09-25T11:40:02.446762Z  INFO tailwindcss_oxide::scanner: Reading "/Users/ha.nguyen/workspace/projects/factory/axie/stores/floor.tsx"
2025-09-25T11:40:02.446843Z  INFO tailwindcss_oxide::scanner: Reading "/Users/ha.nguyen/workspace/projects/factory/axie/components/footsteps.tsx"
2025-09-25T11:40:02.446865Z  INFO tailwindcss_oxide::scanner: Reading "/Users/ha.nguyen/workspace/projects/factory/axie/lib/player-utils.ts"
2025-09-25T11:40:02.446984Z  INFO tailwindcss_oxide::scanner: Reading "/Users/ha.nguyen/workspace/projects/factory/axie/components/seven-eleven.tsx"
2025-09-25T11:40:02.446998Z  INFO tailwindcss_oxide::scanner: Reading "/Users/ha.nguyen/workspace/projects/factory/axie/lib/utils.ts"
2025-09-25T11:40:02.447380Z  INFO tailwindcss_oxide::scanner: Reading "/Users/ha.nguyen/workspace/projects/factory/axie/tsconfig.json"
2025-09-25T11:40:02.448051Z  INFO tailwindcss_oxide::scanner: Reading "/Users/ha.nguyen/workspace/projects/factory/axie/components/hud/button-connect.tsx"
2025-09-25T11:40:02.448051Z  INFO tailwindcss_oxide::scanner: Reading "/Users/ha.nguyen/workspace/projects/factory/axie/public/assets/raptor.atlas"
2025-09-25T11:40:02.448091Z  INFO tailwindcss_oxide::scanner: Reading "/Users/ha.nguyen/workspace/projects/factory/axie/components/vending-machine.tsx"
2025-09-25T11:40:02.448216Z  INFO tailwindcss_oxide::scanner: Reading "/Users/ha.nguyen/workspace/projects/factory/axie/eslint.config.mjs"
2025-09-25T11:40:02.448348Z  INFO tailwindcss_oxide::scanner: Reading "/Users/ha.nguyen/workspace/projects/factory/axie/components/hud/hud.tsx"
2025-09-25T11:40:02.448406Z  INFO tailwindcss_oxide::scanner: Reading "/Users/ha.nguyen/workspace/projects/factory/axie/next.config.ts"
2025-09-25T11:40:02.448434Z  INFO tailwindcss_oxide::scanner: Reading "/Users/ha.nguyen/workspace/projects/factory/axie/public/models/tripp-v2-transformed.glb"
2025-09-25T11:40:02.448458Z  INFO tailwindcss_oxide::scanner: Reading "/Users/ha.nguyen/workspace/projects/factory/axie/components/hud/power-up-modal.tsx"
2025-09-25T11:40:02.448508Z  INFO tailwindcss_oxide::scanner: Reading "/Users/ha.nguyen/workspace/projects/factory/axie/app/api/code-assigned.json"
2025-09-25T11:40:02.448550Z  INFO tailwindcss_oxide::scanner: Reading "/Users/ha.nguyen/workspace/projects/factory/axie/app/api/generated-codes.txt"
2025-09-25T11:40:02.448666Z  INFO tailwindcss_oxide::scanner: Reading "/Users/ha.nguyen/workspace/projects/factory/axie/app/api/route.ts"
2025-09-25T11:40:02.448683Z  INFO tailwindcss_oxide::scanner: Reading "/Users/ha.nguyen/workspace/projects/factory/axie/components/agent.tsx"
2025-09-25T11:40:02.448720Z  INFO tailwindcss_oxide::scanner: Reading "/Users/ha.nguyen/workspace/projects/factory/axie/public/models/seven-eleven-transformed.glb"
2025-09-25T11:40:02.448720Z  INFO tailwindcss_oxide::scanner: Reading "/Users/ha.nguyen/workspace/projects/factory/axie/public/models/vending-machine-transformed.glb"
2025-09-25T11:40:02.448728Z  INFO tailwindcss_oxide::scanner: Reading "/Users/ha.nguyen/workspace/projects/factory/axie/components/providers.tsx"
2025-09-25T11:40:02.448761Z  INFO tailwindcss_oxide::scanner: Reading "/Users/ha.nguyen/workspace/projects/factory/axie/README.md"
2025-09-25T11:40:02.448791Z  INFO tailwindcss_oxide::scanner: Reading "/Users/ha.nguyen/workspace/projects/factory/axie/script/compress-assets.ts"
2025-09-25T11:40:02.448867Z  INFO tailwindcss_oxide::scanner: Reading "/Users/ha.nguyen/workspace/projects/factory/axie/public/assets/react.svg"
2025-09-25T11:40:02.448939Z  INFO tailwindcss_oxide::scanner: Reading "/Users/ha.nguyen/workspace/projects/factory/axie/public/assets/raptor-pro.json"
2025-09-25T11:40:02.448972Z  INFO tailwindcss_oxide::scanner: Reading "/Users/ha.nguyen/workspace/projects/factory/axie/components/boss-v2.tsx"
2025-09-25T11:40:02.449161Z  INFO tailwindcss_oxide::scanner: Reading "/Users/ha.nguyen/workspace/projects/factory/axie/public/models/boss-v2-transformed.glb"
2025-09-25T11:40:02.449339Z  INFO tailwindcss_oxide::scanner: Reading "/Users/ha.nguyen/workspace/projects/factory/axie/public/models/boss-transformed.glb"
2025-09-25T11:40:02.449555Z  INFO tailwindcss_oxide::scanner: Reading "/Users/ha.nguyen/workspace/projects/factory/axie/public/assets/material/atlas-single/axie-2d-v3-stuff.json"
2025-09-25T11:40:02.449704Z  INFO tailwindcss_oxide::scanner: Reading "/Users/ha.nguyen/workspace/projects/factory/axie/public/assets/material/atlas-single/axie-2d-v3-stuff.atlas"
2025-09-25T11:40:02.449830Z  INFO extract_candidates:read_all_files: tailwindcss_oxide::scanner: exit
2025-09-25T11:40:02.449836Z  INFO extract_candidates:parse_all_blobs: tailwindcss_oxide::scanner: enter
2025-09-25T11:40:02.449840Z  INFO extract_candidates:parse_all_blobs:extract: tailwindcss_oxide::scanner: enter
2025-09-25T11:40:02.463214Z  INFO extract_candidates:parse_all_blobs:extract: tailwindcss_oxide::scanner: exit
2025-09-25T11:40:02.463246Z  INFO extract_candidates:parse_all_blobs: tailwindcss_oxide::scanner: exit
2025-09-25T11:40:02.463251Z  INFO extract_candidates:read_all_files: tailwindcss_oxide::scanner: enter
2025-09-25T11:40:02.463254Z  INFO extract_candidates:read_all_files: tailwindcss_oxide::scanner: Reading 1 file(s)
2025-09-25T11:40:02.463436Z  INFO extract_candidates:read_all_files: tailwindcss_oxide::scanner: Reading "/Users/ha.nguyen/workspace/projects/factory/axie/styles/globals.css"
2025-09-25T11:40:02.463445Z  INFO extract_candidates:read_all_files: tailwindcss_oxide::scanner: exit
2025-09-25T11:40:02.463449Z  INFO extract_candidates:extract_css_variables: tailwindcss_oxide::scanner: enter
2025-09-25T11:40:02.463452Z  INFO extract_candidates:extract_css_variables:extract: tailwindcss_oxide::scanner: enter
2025-09-25T11:40:02.463554Z  INFO extract_candidates:extract_css_variables:extract: tailwindcss_oxide::scanner: exit
2025-09-25T11:40:02.463562Z  INFO extract_candidates:extract_css_variables: tailwindcss_oxide::scanner: exit
2025-09-25T11:40:02.463943Z  INFO extract_candidates: tailwindcss_oxide::scanner: exit
2025-09-25T11:40:02.464462Z  INFO get_files: tailwindcss_oxide::scanner: enter
2025-09-25T11:40:02.464466Z  INFO get_files:scan_sources: tailwindcss_oxide::scanner: enter
2025-09-25T11:40:02.465875Z  INFO get_files:scan_sources: tailwindcss_oxide::scanner: Discovering "/Users/ha.nguyen/workspace/projects/factory/axie/app"
2025-09-25T11:40:02.466091Z  INFO get_files:scan_sources: tailwindcss_oxide::scanner: Discovering "/Users/ha.nguyen/workspace/projects/factory/axie/app/api"
2025-09-25T11:40:02.466235Z  INFO get_files:scan_sources: tailwindcss_oxide::scanner: Discovering "/Users/ha.nguyen/workspace/projects/factory/axie/config"
2025-09-25T11:40:02.466474Z  INFO get_files:scan_sources: tailwindcss_oxide::scanner: Discovering "/Users/ha.nguyen/workspace/projects/factory/axie/stores"
2025-09-25T11:40:02.466684Z  INFO get_files:scan_sources: tailwindcss_oxide::scanner: Discovering "/Users/ha.nguyen/workspace/projects/factory/axie/script"
2025-09-25T11:40:02.466799Z  INFO get_files:scan_sources: tailwindcss_oxide::scanner: Discovering "/Users/ha.nguyen/workspace/projects/factory/axie/styles"
2025-09-25T11:40:02.466905Z  INFO get_files:scan_sources: tailwindcss_oxide::scanner: Discovering "/Users/ha.nguyen/workspace/projects/factory/axie/components"
2025-09-25T11:40:02.467059Z  INFO get_files:scan_sources: tailwindcss_oxide::scanner: Discovering "/Users/ha.nguyen/workspace/projects/factory/axie/components/hud"
2025-09-25T11:40:02.467229Z  INFO get_files:scan_sources: tailwindcss_oxide::scanner: Discovering "/Users/ha.nguyen/workspace/projects/factory/axie/public"
2025-09-25T11:40:02.467417Z  INFO get_files:scan_sources: tailwindcss_oxide::scanner: Discovering "/Users/ha.nguyen/workspace/projects/factory/axie/public/textures"
2025-09-25T11:40:02.467576Z  INFO get_files:scan_sources: tailwindcss_oxide::scanner: Discovering "/Users/ha.nguyen/workspace/projects/factory/axie/public/models"
2025-09-25T11:40:02.468634Z  INFO get_files:scan_sources: tailwindcss_oxide::scanner: Discovering "/Users/ha.nguyen/workspace/projects/factory/axie/public/elements"
2025-09-25T11:40:02.468776Z  INFO get_files:scan_sources: tailwindcss_oxide::scanner: Discovering "/Users/ha.nguyen/workspace/projects/factory/axie/public/elements/webp"
2025-09-25T11:40:02.468951Z  INFO get_files:scan_sources: tailwindcss_oxide::scanner: Discovering "/Users/ha.nguyen/workspace/projects/factory/axie/public/assets"
2025-09-25T11:40:02.469141Z  INFO get_files:scan_sources: tailwindcss_oxide::scanner: Discovering "/Users/ha.nguyen/workspace/projects/factory/axie/public/assets/material"
2025-09-25T11:40:02.469255Z  INFO get_files:scan_sources: tailwindcss_oxide::scanner: Discovering "/Users/ha.nguyen/workspace/projects/factory/axie/public/assets/material/atlas-single"
2025-09-25T11:40:02.469423Z  INFO get_files:scan_sources: tailwindcss_oxide::scanner: Discovering "/Users/ha.nguyen/workspace/projects/factory/axie/public/emotes"
2025-09-25T11:40:02.469672Z  INFO get_files:scan_sources: tailwindcss_oxide::scanner: Discovering "/Users/ha.nguyen/workspace/projects/factory/axie/lib"
2025-09-25T11:40:02.469907Z  INFO get_files:scan_sources: tailwindcss_oxide::scanner: Discovering "/Users/ha.nguyen/workspace/projects/factory/axie/fonts"
2025-09-25T11:40:02.469985Z  INFO get_files:scan_sources: tailwindcss_oxide::scanner: exit
2025-09-25T11:40:02.470064Z  INFO get_files: tailwindcss_oxide::scanner: exit
2025-09-25T11:40:02.470167Z  INFO get_globs: tailwindcss_oxide::scanner: enter
2025-09-25T11:40:02.470179Z  INFO get_globs:scan_sources: tailwindcss_oxide::scanner: enter
2025-09-25T11:40:02.471123Z  INFO get_globs:scan_sources: tailwindcss_oxide::scanner: Discovering "/Users/ha.nguyen/workspace/projects/factory/axie/app"
2025-09-25T11:40:02.471263Z  INFO get_globs:scan_sources: tailwindcss_oxide::scanner: Discovering "/Users/ha.nguyen/workspace/projects/factory/axie/app/api"
2025-09-25T11:40:02.471448Z  INFO get_globs:scan_sources: tailwindcss_oxide::scanner: Discovering "/Users/ha.nguyen/workspace/projects/factory/axie/config"
2025-09-25T11:40:02.471762Z  INFO get_globs:scan_sources: tailwindcss_oxide::scanner: Discovering "/Users/ha.nguyen/workspace/projects/factory/axie/stores"
2025-09-25T11:40:02.472174Z  INFO get_globs:scan_sources: tailwindcss_oxide::scanner: Discovering "/Users/ha.nguyen/workspace/projects/factory/axie/script"
2025-09-25T11:40:02.472433Z  INFO get_globs:scan_sources: tailwindcss_oxide::scanner: Discovering "/Users/ha.nguyen/workspace/projects/factory/axie/styles"
2025-09-25T11:40:02.472566Z  INFO get_globs:scan_sources: tailwindcss_oxide::scanner: Discovering "/Users/ha.nguyen/workspace/projects/factory/axie/components"
2025-09-25T11:40:02.472723Z  INFO get_globs:scan_sources: tailwindcss_oxide::scanner: Discovering "/Users/ha.nguyen/workspace/projects/factory/axie/components/hud"
2025-09-25T11:40:02.472870Z  INFO get_globs:scan_sources: tailwindcss_oxide::scanner: Discovering "/Users/ha.nguyen/workspace/projects/factory/axie/public"
2025-09-25T11:40:02.473046Z  INFO get_globs:scan_sources: tailwindcss_oxide::scanner: Discovering "/Users/ha.nguyen/workspace/projects/factory/axie/public/textures"
2025-09-25T11:40:02.473183Z  INFO get_globs:scan_sources: tailwindcss_oxide::scanner: Discovering "/Users/ha.nguyen/workspace/projects/factory/axie/public/models"
2025-09-25T11:40:02.473309Z  INFO get_globs:scan_sources: tailwindcss_oxide::scanner: Discovering "/Users/ha.nguyen/workspace/projects/factory/axie/public/elements"
2025-09-25T11:40:02.473445Z  INFO get_globs:scan_sources: tailwindcss_oxide::scanner: Discovering "/Users/ha.nguyen/workspace/projects/factory/axie/public/elements/webp"
2025-09-25T11:40:02.473603Z  INFO get_globs:scan_sources: tailwindcss_oxide::scanner: Discovering "/Users/ha.nguyen/workspace/projects/factory/axie/public/assets"
2025-09-25T11:40:02.473740Z  INFO get_globs:scan_sources: tailwindcss_oxide::scanner: Discovering "/Users/ha.nguyen/workspace/projects/factory/axie/public/assets/material"
2025-09-25T11:40:02.474365Z  INFO get_globs:scan_sources: tailwindcss_oxide::scanner: Discovering "/Users/ha.nguyen/workspace/projects/factory/axie/public/assets/material/atlas-single"
2025-09-25T11:40:02.474501Z  INFO get_globs:scan_sources: tailwindcss_oxide::scanner: Discovering "/Users/ha.nguyen/workspace/projects/factory/axie/public/emotes"
2025-09-25T11:40:02.474788Z  INFO get_globs:scan_sources: tailwindcss_oxide::scanner: Discovering "/Users/ha.nguyen/workspace/projects/factory/axie/lib"
2025-09-25T11:40:02.475012Z  INFO get_globs:scan_sources: tailwindcss_oxide::scanner: Discovering "/Users/ha.nguyen/workspace/projects/factory/axie/fonts"
2025-09-25T11:40:02.475069Z  INFO get_globs:scan_sources: tailwindcss_oxide::scanner: exit
2025-09-25T11:40:02.488379Z  INFO get_globs: tailwindcss_oxide::scanner: exit
